2023-03-13T17:05:09+00:00 DEBUG 
====Log Details: ===
====Start Log====
WPS Renewal Subscriptions: Array
(
)

====End Log====


2023-03-13T17:05:09+00:00 DEBUG 
====Log Details: ===
====Start Log====
WPS Expired Subscriptions: Array
(
)

====End Log====


2023-03-13T22:05:50+00:00 DEBUG 
====Log Details: ===
====Start Log====
WPS Renewal Subscriptions: Array
(
)

====End Log====


2023-03-13T22:05:50+00:00 DEBUG 
====Log Details: ===
====Start Log====
WPS Expired Subscriptions: Array
(
)

====End Log====


